Determining if the pthread_create exist failed with the following output:
Change Dir: /home/huan/catkin_ws/src/mycamera/build/CMakeFiles/CMakeTmp

Run Build Command:"/usr/bin/make" "cmTC_7e9fd/fast"
/usr/bin/make -f CMakeFiles/cmTC_7e9fd.dir/build.make CMakeFiles/cmTC_7e9fd.dir/build
make[1]: Entering directory '/home/huan/catkin_ws/src/mycamera/build/CMakeFiles/CMakeTmp'
Building C object CMakeFiles/cmTC_7e9fd.dir/CheckSymbolExists.c.o
/usr/bin/x86_64-linux-gnu-gcc-7    -o CMakeFiles/cmTC_7e9fd.dir/CheckSymbolExists.c.o   -c /home/huan/catkin_ws/src/mycamera/build/CMakeFiles/CMakeTmp/CheckSymbolExists.c
Linking C executable cmTC_7e9fd
/usr/bin/cmake -E cmake_link_script CMakeFiles/cmTC_7e9fd.dir/link.txt --verbose=1
/usr/bin/x86_64-linux-gnu-gcc-7      -rdynamic CMakeFiles/cmTC_7e9fd.dir/CheckSymbolExists.c.o  -o cmTC_7e9fd 
CMakeFiles/cmTC_7e9fd.dir/CheckSymbolExists.c.o: In function `main':
CheckSymbolExists.c:(.text+0x1b): undefined reference to `pthread_create'
collect2: error: ld returned 1 exit status
CMakeFiles/cmTC_7e9fd.dir/build.make:97: recipe for target 'cmTC_7e9fd' failed
make[1]: *** [cmTC_7e9fd] Error 1
make[1]: Leaving directory '/home/huan/catkin_ws/src/mycamera/build/CMakeFiles/CMakeTmp'
Makefile:126: recipe for target 'cmTC_7e9fd/fast' failed
make: *** [cmTC_7e9fd/fast] Error 2

File /home/huan/catkin_ws/src/mycamera/build/CMakeFiles/CMakeTmp/CheckSymbolExists.c:
/* */
#include <pthread.h>

int main(int argc, char** argv)
{
  (void)argv;
#ifndef pthread_create
  return ((int*)(&pthread_create))[argc];
#else
  (void)argc;
  return 0;
#endif
}

Determining if the function pthread_create exists in the pthreads failed with the following output:
Change Dir: /home/huan/catkin_ws/src/mycamera/build/CMakeFiles/CMakeTmp

Run Build Command:"/usr/bin/make" "cmTC_b6239/fast"
/usr/bin/make -f CMakeFiles/cmTC_b6239.dir/build.make CMakeFiles/cmTC_b6239.dir/build
make[1]: Entering directory '/home/huan/catkin_ws/src/mycamera/build/CMakeFiles/CMakeTmp'
Building C object CMakeFiles/cmTC_b6239.dir/CheckFunctionExists.c.o
/usr/bin/x86_64-linux-gnu-gcc-7   -DCHECK_FUNCTION_EXISTS=pthread_create   -o CMakeFiles/cmTC_b6239.dir/CheckFunctionExists.c.o   -c /usr/share/cmake-3.10/Modules/CheckFunctionExists.c
Linking C executable cmTC_b6239
/usr/bin/cmake -E cmake_link_script CMakeFiles/cmTC_b6239.dir/link.txt --verbose=1
/usr/bin/x86_64-linux-gnu-gcc-7  -DCHECK_FUNCTION_EXISTS=pthread_create    -rdynamic CMakeFiles/cmTC_b6239.dir/CheckFunctionExists.c.o  -o cmTC_b6239 -lpthreads 
/usr/bin/ld: cannot find -lpthreads
collect2: error: ld returned 1 exit status
CMakeFiles/cmTC_b6239.dir/build.make:97: recipe for target 'cmTC_b6239' failed
make[1]: *** [cmTC_b6239] Error 1
make[1]: Leaving directory '/home/huan/catkin_ws/src/mycamera/build/CMakeFiles/CMakeTmp'
Makefile:126: recipe for target 'cmTC_b6239/fast' failed
make: *** [cmTC_b6239/fast] Error 2


